<?xml version="1.0" encoding="UTF-8"?>
<!-- Generated by org.testng.reporters.JUnitXMLReporter -->
<testsuite ignored="0" hostname="WKWZTUPS8QyX67O" failures="0" tests="3" name="Default test" time="50.382" errors="0" timestamp="2022-12-05T19:17:18 IST">
  <testcase classname="subjectiveassessment.Task2" name="createEmp" time="25.111"/>
  <testcase classname="subjectiveassessment.Task1" name="Test1" time="4.871"/>
  <testcase classname="subjectiveassessment.Task1" name="Test2" time="1.214"/>
</testsuite> <!-- Default test -->
