<?xml version="1.0" encoding="UTF-8"?>
<!-- Generated by org.testng.reporters.JUnitXMLReporter -->
<testsuite ignored="0" hostname="WKWZTUPS8QyX67O" failures="0" tests="3" name="Test" time="46.095" errors="0" timestamp="2022-12-05T19:07:20 IST">
  <testcase classname="subjectiveassessment.Task2" name="createEmp" time="23.104"/>
  <testcase classname="subjectiveassessment.Task1" name="Test1" time="4.328"/>
  <testcase classname="subjectiveassessment.Task1" name="Test2" time="1.003"/>
</testsuite> <!-- Test -->
