<?xml version="1.0" encoding="UTF-8"?>
<!-- Generated by org.testng.reporters.JUnitXMLReporter -->
<testsuite ignored="0" hostname="WKWZTUPS8QyX67O" failures="0" tests="3" name="Test" time="48.41" errors="0" timestamp="2022-12-05T19:19:11 IST">
  <testcase classname="subjectiveassessment.Task2" name="createEmp" time="23.613"/>
  <testcase classname="subjectiveassessment.Task1" name="Test1" time="4.739"/>
  <testcase classname="subjectiveassessment.Task1" name="Test2" time="1.212"/>
</testsuite> <!-- Test -->
