<?xml version="1.0" encoding="UTF-8"?>
<testng-results ignored="0" total="3" passed="3" failed="0" skipped="0">
  <reporter-output>
  </reporter-output>
  <suite started-at="2022-12-05T19:18:23 IST" name="Suite" finished-at="2022-12-05T19:19:11 IST" duration-ms="48410">
    <groups>
    </groups>
    <test started-at="2022-12-05T19:18:23 IST" name="Test" finished-at="2022-12-05T19:19:11 IST" duration-ms="48410">
      <class name="subjectiveassessment.Task2">
        <test-method is-config="true" signature="setup()[pri:0, instance:subjectiveassessment.Task2@932bc4a]" started-at="2022-12-05T19:18:23 IST" name="setup" finished-at="2022-12-05T19:18:30 IST" duration-ms="7126" status="PASS">
          <reporter-output>
          </reporter-output>
        </test-method> <!-- setup -->
        <test-method signature="createEmp()[pri:0, instance:subjectiveassessment.Task2@932bc4a]" started-at="2022-12-05T19:18:30 IST" name="createEmp" finished-at="2022-12-05T19:18:54 IST" duration-ms="23613" status="PASS">
          <reporter-output>
          </reporter-output>
        </test-method> <!-- createEmp -->
        <test-method is-config="true" signature="clearup()[pri:0, instance:subjectiveassessment.Task2@932bc4a]" started-at="2022-12-05T19:18:54 IST" name="clearup" finished-at="2022-12-05T19:18:54 IST" duration-ms="429" status="PASS">
          <reporter-output>
          </reporter-output>
        </test-method> <!-- clearup -->
      </class> <!-- subjectiveassessment.Task2 -->
      <class name="subjectiveassessment.Task1">
        <test-method is-config="true" signature="setup()[pri:0, instance:subjectiveassessment.Task1@73e22a3d]" started-at="2022-12-05T19:18:54 IST" name="setup" finished-at="2022-12-05T19:18:59 IST" duration-ms="5258" status="PASS">
          <reporter-output>
          </reporter-output>
        </test-method> <!-- setup -->
        <test-method signature="Test1()[pri:0, instance:subjectiveassessment.Task1@73e22a3d]" started-at="2022-12-05T19:18:59 IST" name="Test1" finished-at="2022-12-05T19:19:04 IST" duration-ms="4739" status="PASS">
          <reporter-output>
          </reporter-output>
        </test-method> <!-- Test1 -->
        <test-method is-config="true" signature="tearup()[pri:0, instance:subjectiveassessment.Task1@73e22a3d]" started-at="2022-12-05T19:19:04 IST" name="tearup" finished-at="2022-12-05T19:19:04 IST" duration-ms="299" status="PASS">
          <reporter-output>
          </reporter-output>
        </test-method> <!-- tearup -->
        <test-method is-config="true" signature="setup()[pri:0, instance:subjectiveassessment.Task1@73e22a3d]" started-at="2022-12-05T19:19:04 IST" name="setup" finished-at="2022-12-05T19:19:10 IST" duration-ms="5482" status="PASS">
          <reporter-output>
          </reporter-output>
        </test-method> <!-- setup -->
        <test-method signature="Test2()[pri:0, instance:subjectiveassessment.Task1@73e22a3d]" started-at="2022-12-05T19:19:10 IST" name="Test2" finished-at="2022-12-05T19:19:11 IST" duration-ms="1212" status="PASS">
          <reporter-output>
          </reporter-output>
        </test-method> <!-- Test2 -->
        <test-method is-config="true" signature="tearup()[pri:0, instance:subjectiveassessment.Task1@73e22a3d]" started-at="2022-12-05T19:19:11 IST" name="tearup" finished-at="2022-12-05T19:19:11 IST" duration-ms="221" status="PASS">
          <reporter-output>
          </reporter-output>
        </test-method> <!-- tearup -->
      </class> <!-- subjectiveassessment.Task1 -->
    </test> <!-- Test -->
  </suite> <!-- Suite -->
</testng-results>
