<?xml version="1.0" encoding="UTF-8"?>
<testng-results ignored="0" total="3" passed="3" failed="0" skipped="0">
  <reporter-output>
  </reporter-output>
  <suite started-at="2022-12-05T19:16:28 IST" name="Default suite" finished-at="2022-12-05T19:17:18 IST" duration-ms="50382">
    <groups>
    </groups>
    <test started-at="2022-12-05T19:16:28 IST" name="Default test" finished-at="2022-12-05T19:17:18 IST" duration-ms="50382">
      <class name="subjectiveassessment.Task2">
        <test-method is-config="true" signature="setup()[pri:0, instance:subjectiveassessment.Task2@6da21078]" started-at="2022-12-05T19:16:28 IST" name="setup" finished-at="2022-12-05T19:16:35 IST" duration-ms="6840" status="PASS">
          <reporter-output>
          </reporter-output>
        </test-method> <!-- setup -->
        <test-method signature="createEmp()[pri:0, instance:subjectiveassessment.Task2@6da21078]" started-at="2022-12-05T19:16:35 IST" name="createEmp" finished-at="2022-12-05T19:17:00 IST" duration-ms="25111" status="PASS">
          <reporter-output>
          </reporter-output>
        </test-method> <!-- createEmp -->
        <test-method is-config="true" signature="clearup()[pri:0, instance:subjectiveassessment.Task2@6da21078]" started-at="2022-12-05T19:17:00 IST" name="clearup" finished-at="2022-12-05T19:17:00 IST" duration-ms="388" status="PASS">
          <reporter-output>
          </reporter-output>
        </test-method> <!-- clearup -->
      </class> <!-- subjectiveassessment.Task2 -->
      <class name="subjectiveassessment.Task1">
        <test-method is-config="true" signature="setup()[pri:0, instance:subjectiveassessment.Task1@729d991e]" started-at="2022-12-05T19:17:00 IST" name="setup" finished-at="2022-12-05T19:17:06 IST" duration-ms="5616" status="PASS">
          <reporter-output>
          </reporter-output>
        </test-method> <!-- setup -->
        <test-method signature="Test1()[pri:0, instance:subjectiveassessment.Task1@729d991e]" started-at="2022-12-05T19:17:06 IST" name="Test1" finished-at="2022-12-05T19:17:11 IST" duration-ms="4871" status="PASS">
          <reporter-output>
          </reporter-output>
        </test-method> <!-- Test1 -->
        <test-method is-config="true" signature="tearup()[pri:0, instance:subjectiveassessment.Task1@729d991e]" started-at="2022-12-05T19:17:11 IST" name="tearup" finished-at="2022-12-05T19:17:11 IST" duration-ms="304" status="PASS">
          <reporter-output>
          </reporter-output>
        </test-method> <!-- tearup -->
        <test-method is-config="true" signature="setup()[pri:0, instance:subjectiveassessment.Task1@729d991e]" started-at="2022-12-05T19:17:11 IST" name="setup" finished-at="2022-12-05T19:17:17 IST" duration-ms="5783" status="PASS">
          <reporter-output>
          </reporter-output>
        </test-method> <!-- setup -->
        <test-method signature="Test2()[pri:0, instance:subjectiveassessment.Task1@729d991e]" started-at="2022-12-05T19:17:17 IST" name="Test2" finished-at="2022-12-05T19:17:18 IST" duration-ms="1214" status="PASS">
          <reporter-output>
          </reporter-output>
        </test-method> <!-- Test2 -->
        <test-method is-config="true" signature="tearup()[pri:0, instance:subjectiveassessment.Task1@729d991e]" started-at="2022-12-05T19:17:18 IST" name="tearup" finished-at="2022-12-05T19:17:18 IST" duration-ms="225" status="PASS">
          <reporter-output>
          </reporter-output>
        </test-method> <!-- tearup -->
      </class> <!-- subjectiveassessment.Task1 -->
    </test> <!-- Default test -->
  </suite> <!-- Default suite -->
</testng-results>
